-------------------------------------------------------------------------------
Test set: com.example.demo.EurekanamingServerApplicationTests
-------------------------------------------------------------------------------
Tests run: 1, Failures: 0, Errors: 1, Skipped: 0, Time elapsed: 0.453 s <<< FAILURE! - in com.example.demo.EurekanamingServerApplicationTests
com.example.demo.EurekanamingServerApplicationTests  Time elapsed: 0.452 s  <<< ERROR!
java.lang.IllegalStateException: Unable to find a @SpringBootConfiguration, you need to use @ContextConfiguration or @SpringBootTest(classes=...) with your test

